🚀 Starting Wiggum Worker for: edgebot-ai
📍 Project Path: /home/julien/Desktop/Free-Wiggum-opencode/projects/edgebot-ai
⏰ Started at: Mon Mar 16 10:32:40 AM EDT 2026
⚡ Token Budget: 64000
━━━━━━━━━━━━━━━━━━━━━━━━━━━━━━━━════

📍 Iteration 48 at Mon Mar 16 10:32:40 AM EDT 2026...
🤖 OpenCode processing: ✅ Verify GitHub Actions CI is passing - Run `cargo build` and `cargo test` locally to confirm all builds succeed. Check GitHub Actions to see all test workflows pass (no failures/cancellations). Update project status in README.md if CI is green.
[0m
> build · stepfun/step-3.5-flash:free
[0m
I'll verify the GitHub Actions CI is passing by running builds locally and checking the workflow status. Let me start by examining the project structure and running the builds.
[0m→ [0mRead TASKS.md
[0m
[0m$ [0mpwd && ls -la
/home/julien/Desktop/Free-Wiggum-opencode/projects/edgebot-ai
total 344
drwxr-xr-x 15 julien julien   4096 Mar 15 02:32 .
drwxr-xr-x 23 julien julien   4096 Mar 15 00:51 ..
-rw-r--r--  1 julien julien      8 Mar 16 10:32 .agent_role
-rw-r--r--  1 julien julien 205454 Mar 16 10:20 Cargo.lock
-rw-r--r--  1 julien julien    264 Mar 15 02:12 Cargo.toml
drwxr-xr-x  3 julien julien   4096 Mar 15 02:32 docs
drwxr-xr-x  3 julien julien   4096 Mar 15 01:42 edgebot-cli
drwxr-xr-x  4 julien julien   4096 Mar 15 01:34 edgebot-core
drwxr-xr-x  6 julien julien   4096 Mar 15 02:21 edgebot-dashboard
drwxr-xr-x  3 julien julien   4096 Mar 15 01:53 edgebot-licensing
drwxr-xr-x  3 julien julien   4096 Mar 15 00:52 edgebot-ros2
drwxr-xr-x  3 julien julien   4096 Mar 15 00:52 edgebot-sim
drwxr-xr-x  3 julien julien   4096 Mar 15 01:40 edgebot-sim-server
drwxr-xr-x  3 julien julien   4096 Mar 15 01:28 edgebot-wasm
drwxr-xr-x  7 julien julien   4096 Mar 16 10:30 .git
drwxr-xr-x  3 julien julien   4096 Mar 15 00:51 .github
-rw-r--r--  1 julien julien      4 Mar 15 00:51 .gitignore
drwxr-xr-x  2 julien julien   4096 Mar 16 10:32 logs
-rw-r--r--  1 julien julien   9218 Mar 15 00:51 prompt.txt
-rw-r--r--  1 julien julien  26752 Mar 16 09:46 README.md
-rw-r--r--  1 julien julien    103 Mar 15 00:54 rust-toolchain.toml
drwxr-xr-x  5 julien julien   4096 Mar 16 10:20 target
-rw-r--r--  1 julien julien   6550 Mar 16 09:53 TASKS.md
-rw-r--r--  1 julien julien   6038 Mar 15 00:51 TASKS_original.md
-rw-r--r--  1 julien julien      6 Mar 16 10:32 .worker_persistent_mode
[0m
[0m$ [0mfind .github -name "*.yml" -o -name "*.yaml" 2>/dev/null
.github/workflows/deploy-staging.yml
.github/workflows/dashboard.yml
.github/workflows/wiggum-system-check.yml
.github/workflows/ci.yml
.github/workflows/docs.yml
.github/workflows/test.yml
.github/workflows/deploy-production.yml
[0m
Now let me check the CI workflow configuration and run local builds:
[0m→ [0mRead .github/workflows/test.yml
[0m→ [0mRead Cargo.toml
[0m
[0m$ [0mrustc --version && cargo --version
/usr/bin/bash: line 1: rustc: command not found
[0m
[0m$ [0mcargo build --workspace --all-targets --all-features
/usr/bin/bash: line 1: cargo: command not found
[0m
Now let me run the local builds and tests to verify CI would pass:
📝 Log saved: logs/iteration-48.md
📊 Token Usage: 6500 / Session: 6500 / 64000
