🚀 Starting Wiggum Worker for: edgebot-ai
📍 Project Path: /home/julien/Desktop/Free-Wiggum-opencode/projects/edgebot-ai
⏰ Started at: Mon Mar 16 11:55:31 AM EDT 2026
⚡ Token Budget: 64000
━━━━━━━━━━━━━━━━━━━━━━━━━━━━━━━━════

📍 Iteration 60 at Mon Mar 16 11:55:31 AM EDT 2026...
🤖 OpenCode processing: ✅ Verify build passes: Run `cargo build --workspace --exclude edgebot-ros2 --exclude edgebot-sim --exclude edgebot-cli --exclude edgebot-sim-server` locally. This builds core inference, WASM, dashboard, and licensing without external tool dependencies.
[0m
> build · stepfun/step-3.5-flash:free
[0m
[0m$ [0mcargo build --workspace --exclude edgebot-ros2 --exclude edgebot-sim --exclude edgebot-cli --exclude edgebot-sim-server
/usr/bin/bash: line 1: cargo: command not found
[0m
I'll verify the build passes by running the specified cargo build command.
I'll check the .agent_role file to understand my current role and then proceed appropriately.
[0m→ [0mRead .agent_role
Cargo is not installed. As the full-stack developer, I need to set up the Rust toolchain first. I'll install Rust using rustup.
[0m
[0m$ [0mcurl --proto '=https' --tlsv1.2 -sSf https://sh.rustup.rs | sh -s -- -y
info: downloading installer
warn: It looks like you have an existing rustup settings file at:
warn: /home/julien/.rustup/settings.toml
warn: Rustup will install the default toolchain as specified in the settings file,
warn: instead of the one inferred from the default host triple.
info: profile set to default
info: default host triple is x86_64-unknown-linux-gnu
warn: Updating existing toolchain, profile choice will be ignored
info: syncing channel updates for stable-x86_64-unknown-linux-gnu
info: default toolchain set to stable-x86_64-unknown-linux-gnu

  stable-x86_64-unknown-linux-gnu unchanged - rustc 1.94.0 (4a4ef493e 2026-03-02)


Rust is installed now. Great!

To get started you may need to restart your current shell.
This would reload your PATH environment variable to include
Cargo's bin directory ($HOME/.cargo/bin).

To configure your current shell, you need to source
the corresponding env file under $HOME/.cargo.

This is usually done by running one of the following (note the leading DOT):
. "$HOME/.cargo/env"            # For sh/bash/zsh/ash/dash/pdksh
source "$HOME/.cargo/env.fish"  # For fish
source "~/.cargo/env.nu"  # For nushell
source "$HOME/.cargo/env.tcsh"  # For tcsh
. "$HOME/.cargo/env.ps1"        # For pwsh
source "$HOME/.cargo/env.xsh"   # For xonsh
[0m
Now I'll source the Rust environment and run the build command.
[0m$ [0msource $HOME/.cargo/env && cargo build --workspace --exclude edgebot-ros2 --exclude edgebot-sim --exclude edgebot-cli --exclude edgebot-sim-server
Compiling torch-sys v0.15.0
   Compiling burn-core v0.13.2
   Compiling burn-core v0.12.0
   Compiling wgpu v0.19.4
   Compiling burn-import v0.13.2
   Compiling wgpu-core v0.19.4
warning: torch-sys@0.15.0: libtch/torch_api.cpp:1:9: fatal error: torch/csrc/autograd/engine.h: No such file or directory
warning: torch-sys@0.15.0:     1 | #include<torch/csrc/autograd/engine.h>
warning: torch-sys@0.15.0:       |         ^~~~~~~~~~~~~~~~~~~~~~~~~~~~~~
warning: torch-sys@0.15.0: compilation terminated.
warning: torch-sys@0.15.0: ToolExecError: command did not execute successfully (status code exit status: 1): LC_ALL="C" "c++" "-O0" "-ffunction-sections" "-fdata-sections" "-fPIC" "-g" "-gdwarf-4" "-fno-omit-frame-pointer" "-m64" "-I" "/home/julien/Desktop/Free-Wiggum-opencode/projects/edgebot-ai/target/debug/build/torch-sys-916bdd320c3206d6/out/libtorch/libtorch/include" "-I" "/home/julien/Desktop/Free-Wiggum-opencode/projects/edgebot-ai/target/debug/build/torch-sys-916bdd320c3206d6/out/libtorch/libtorch/include/torch/csrc/api/include" "-w" "-Wl,-rpath=/home/julien/Desktop/Free-Wiggum-opencode/projects/edgebot-ai/target/debug/build/torch-sys-916bdd320c3206d6/out/libtorch/libtorch/lib" "-std=c++17" "-D_GLIBCXX_USE_CXX11_ABI=1" "-o" "/home/julien/Desktop/Free-Wiggum-opencode/projects/edgebot-ai/target/debug/build/torch-sys-916bdd320c3206d6/out/580bbbcdaf464958-torch_api.o" "-c" "libtch/torch_api.cpp"cargo:rerun-if-env-changed=CXX_x86_64-unknown-linux-gnu
warning: torch-sys@0.15.0: In file included from libtch/torch_api_generated.h:2,
warning: torch-sys@0.15.0:                  from libtch/torch_api_generated.cpp:2:
warning: torch-sys@0.15.0: libtch/torch_api.h:6:9: fatal error: torch/torch.h: No such file or directory
warning: torch-sys@0.15.0:     6 | #include<torch/torch.h>
warning: torch-sys@0.15.0:       |         ^~~~~~~~~~~~~~~
warning: torch-sys@0.15.0: compilation terminated.
warning: torch-sys@0.15.0: ToolExecError: command did not execute successfully (status code exit status: 1): LC_ALL="C" "c++" "-O0" "-ffunction-sections" "-fdata-sections" "-fPIC" "-g" "-gdwarf-4" "-fno-omit-frame-pointer" "-m64" "-I" "/home/julien/Desktop/Free-Wiggum-opencode/projects/edgebot-ai/target/debug/build/torch-sys-916bdd320c3206d6/out/libtorch/libtorch/include" "-I" "/home/julien/Desktop/Free-Wiggum-opencode/projects/edgebot-ai/target/debug/build/torch-sys-916bdd320c3206d6/out/libtorch/libtorch/include/torch/csrc/api/include" "-w" "-Wl,-rpath=/home/julien/Desktop/Free-Wiggum-opencode/projects/edgebot-ai/target/debug/build/torch-sys-916bdd320c3206d6/out/libtorch/libtorch/lib" "-std=c++17" "-D_GLIBCXX_USE_CXX11_ABI=1" "-o" "/home/julien/Desktop/Free-Wiggum-opencode/projects/edgebot-ai/target/debug/build/torch-sys-916bdd320c3206d6/out/580bbbcdaf464958-torch_api_generated.o" "-c" "libtch/torch_api_generated.cpp"
error: failed to run custom build command for `torch-sys v0.15.0`

Caused by:
  process didn't exit successfully: `/home/julien/Desktop/Free-Wiggum-opencode/projects/edgebot-ai/target/debug/build/torch-sys-a954e52a8301d248/build-script-build` (exit status: 1)
  --- stdout
  cargo:rerun-if-env-changed=LIBTORCH_USE_PYTORCH
  cargo:rerun-if-env-changed=LIBTORCH
  cargo:rerun-if-env-changed=TORCH_CUDA_VERSION
  cargo:rerun-if-env-changed=LIBTORCH_INCLUDE
  cargo:rerun-if-env-changed=LIBTORCH_LIB
  cargo:rerun-if-env-changed=LIBTORCH_CXX11_ABI
  cargo:rerun-if-env-changed=LIBTORCH_STATIC
  cargo:rustc-link-search=native=/home/julien/Desktop/Free-Wiggum-opencode/projects/edgebot-ai/target/debug/build/torch-sys-916bdd320c3206d6/out/libtorch/libtorch/lib
  cargo:rerun-if-changed=libtch/fake_cuda_dependency.cpp
  cargo:rerun-if-changed=libtch/torch_python.cpp
  cargo:rerun-if-changed=libtch/torch_python.h
  cargo:rerun-if-changed=libtch/torch_api_generated.cpp
  cargo:rerun-if-changed=libtch/torch_api_generated.h
  cargo:rerun-if-changed=libtch/torch_api.cpp
  cargo:rerun-if-changed=libtch/torch_api.h
  cargo:rerun-if-changed=libtch/stb_image_write.h
  cargo:rerun-if-changed=libtch/stb_image_resize.h
  cargo:rerun-if-changed=libtch/stb_image.h
  cargo:libtorch_lib=/home/julien/Desktop/Free-Wiggum-opencode/projects/edgebot-ai/target/debug/build/torch-sys-916bdd320c3206d6/out/libtorch/libtorch/lib
  cargo:rerun-if-env-changed=CC_FORCE_DISABLE
  CC_FORCE_DISABLE = None
  cargo:rerun-if-env-changed=CXX_x86_64-unknown-linux-gnu
  CXX_x86_64-unknown-linux-gnu = None
  cargo:rerun-if-env-changed=CXX_x86_64_unknown_linux_gnu
  CXX_x86_64_unknown_linux_gnu = None
  cargo:rerun-if-env-changed=HOST_CXX
  HOST_CXX = None
  cargo:rerun-if-env-changed=CXX
  CXX = None
  cargo:rerun-if-env-changed=CC_ENABLE_DEBUG_OUTPUT
  cargo:rerun-if-env-changed=CRATE_CC_NO_DEFAULTS
  CRATE_CC_NO_DEFAULTS = None
  cargo:rerun-if-env-changed=CXXFLAGS
  CXXFLAGS = None
  cargo:rerun-if-env-changed=HOST_CXXFLAGS
  HOST_CXXFLAGS = None
  cargo:rerun-if-env-changed=CXXFLAGS_x86_64_unknown_linux_gnu
  CXXFLAGS_x86_64_unknown_linux_gnu = None
  cargo:rerun-if-env-changed=CXXFLAGS_x86_64-unknown-linux-gnu
  CXXFLAGS_x86_64-unknown-linux-gnu = None
  cargo:rerun-if-env-changed=CXX_x86_64-unknown-linux-gnu
  CXX_x86_64-unknown-linux-gnu = None
  cargo:rerun-if-env-changed=CXX_x86_64_unknown_linux_gnu
  CXX_x86_64_unknown_linux_gnu = None
  cargo:rerun-if-env-changed=HOST_CXX
  HOST_CXX = None
  cargo:rerun-if-env-changed=CXX
  CXX = None
  cargo:rerun-if-env-changed=CRATE_CC_NO_DEFAULTS
  CRATE_CC_NO_DEFAULTS = None
  cargo:rerun-if-env-changed=CXXFLAGS
  CXXFLAGS = None
  cargo:rerun-if-env-changed=HOST_CXXFLAGS
  HOST_CXXFLAGS = None
  cargo:rerun-if-env-changed=CXXFLAGS_x86_64_unknown_linux_gnu
  CXXFLAGS_x86_64_unknown_linux_gnu = None
  cargo:rerun-if-env-changed=CXXFLAGS_x86_64-unknown-linux-gnu
  CXXFLAGS_x86_64-unknown-linux-gnu = None
  cargo:warning=libtch/torch_api.cpp:1:9: fatal error: torch/csrc/autograd/engine.h: No such file or directory
  cargo:warning=    1 | #include<torch/csrc/autograd/engine.h>
  cargo:warning=      |         ^~~~~~~~~~~~~~~~~~~~~~~~~~~~~~
  cargo:warning=compilation terminated.
  exit status: 1
  cargo:warning=ToolExecError: command did not execute successfully (status code exit status: 1): LC_ALL="C" "c++" "-O0" "-ffunction-sections" "-fdata-sections" "-fPIC" "-g" "-gdwarf-4" "-fno-omit-frame-pointer" "-m64" "-I" "/home/julien/Desktop/Free-Wiggum-opencode/projects/edgebot-ai/target/debug/build/torch-sys-916bdd320c3206d6/out/libtorch/libtorch/include" "-I" "/home/julien/Desktop/Free-Wiggum-opencode/projects/edgebot-ai/target/debug/build/torch-sys-916bdd320c3206d6/out/libtorch/libtorch/include/torch/csrc/api/include" "-w" "-Wl,-rpath=/home/julien/Desktop/Free-Wiggum-opencode/projects/edgebot-ai/target/debug/build/torch-sys-916bdd320c3206d6/out/libtorch/libtorch/lib" "-std=c++17" "-D_GLIBCXX_USE_CXX11_ABI=1" "-o" "/home/julien/Desktop/Free-Wiggum-opencode/projects/edgebot-ai/target/debug/build/torch-sys-916bdd320c3206d6/out/580bbbcdaf464958-torch_api.o" "-c" "libtch/torch_api.cpp"cargo:rerun-if-env-changed=CXX_x86_64-unknown-linux-gnu
  CXX_x86_64-unknown-linux-gnu = None
  cargo:rerun-if-env-changed=CXX_x86_64_unknown_linux_gnu
  CXX_x86_64_unknown_linux_gnu = None
  cargo:rerun-if-env-changed=HOST_CXX
  HOST_CXX = None
  cargo:rerun-if-env-changed=CXX
  CXX = None
  cargo:rerun-if-env-changed=CRATE_CC_NO_DEFAULTS
  CRATE_CC_NO_DEFAULTS = None
  cargo:rerun-if-env-changed=CXXFLAGS
  CXXFLAGS = None
  cargo:rerun-if-env-changed=HOST_CXXFLAGS
  HOST_CXXFLAGS = None
  cargo:rerun-if-env-changed=CXXFLAGS_x86_64_unknown_linux_gnu
  CXXFLAGS_x86_64_unknown_linux_gnu = None
  cargo:rerun-if-env-changed=CXXFLAGS_x86_64-unknown-linux-gnu
  CXXFLAGS_x86_64-unknown-linux-gnu = None
  cargo:warning=In file included from libtch/torch_api_generated.h:2,
  cargo:warning=                 from libtch/torch_api_generated.cpp:2:
  cargo:warning=libtch/torch_api.h:6:9: fatal error: torch/torch.h: No such file or directory
  cargo:warning=    6 | #include<torch/torch.h>
  cargo:warning=      |         ^~~~~~~~~~~~~~~
  cargo:warning=compilation terminated.

  exit status: 1
  cargo:warning=ToolExecError: command did not execute successfully (status code exit status: 1): LC_ALL="C" "c++" "-O0" "-ffunction-sections" "-fdata-sections" "-fPIC" "-g" "-gdwarf-4" "-fno-omit-frame-pointer" "-m64" "-I" "/home/julien/Desktop/Free-Wiggum-opencode/projects/edgebot-ai/target/debug/build/torch-sys-916bdd320c3206d6/out/libtorch/libtorch/include" "-I" "/home/julien/Desktop/Free-Wiggum-opencode/projects/edgebot-ai/target/debug/build/torch-sys-916bdd320c3206d6/out/libtorch/libtorch/include/torch/csrc/api/include" "-w" "-Wl,-rpath=/home/julien/Desktop/Free-Wiggum-opencode/projects/edgebot-ai/target/debug/build/torch-sys-916bdd320c3206d6/out/libtorch/libtorch/lib" "-std=c++17" "-D_GLIBCXX_USE_CXX11_ABI=1" "-o" "/home/julien/Desktop/Free-Wiggum-opencode/projects/edgebot-ai/target/debug/build/torch-sys-916bdd320c3206d6/out/580bbbcdaf464958-torch_api_generated.o" "-c" "libtch/torch_api_generated.cpp"
  exit status: 0

  --- stderr


  error occurred in cc-rs: command did not execute successfully (status code exit status: 1): LC_ALL="C" "c++" "-O0" "-ffunction-sections" "-fdata-sections" "-fPIC" "-g" "-gdwarf-4" "-fno-omit-frame-pointer" "-m64" "-I" "/home/julien/Desktop/Free-Wiggum-opencode/projects/edgebot-ai/target/debug/build/torch-sys-916bdd320c3206d6/out/libtorch/libtorch/include" "-I" "/home/julien/Desktop/Free-Wiggum-opencode/projects/edgebot-ai/target/debug/build/torch-sys-916bdd320c3206d6/out/libtorch/libtorch/include/torch/csrc/api/include" "-w" "-Wl,-rpath=/home/julien/Desktop/Free-Wiggum-opencode/projects/edgebot-ai/target/debug/build/torch-sys-916bdd320c3206d6/out/libtorch/libtorch/lib" "-std=c++17" "-D_GLIBCXX_USE_CXX11_ABI=1" "-o" "/home/julien/Desktop/Free-Wiggum-opencode/projects/edgebot-ai/target/debug/build/torch-sys-916bdd320c3206d6/out/580bbbcdaf464958-torch_api_generated.o" "-c" "libtch/torch_api_generated.cpp"


warning: build failed, waiting for other jobs to finish...
error[E0425]: cannot find function `decode_borrowed_from_slice` in module `bincode::serde`
  --> /home/julien/.cargo/registry/src/index.crates.io-1949cf8c6b5b557f/burn-core-0.13.2/src/record/memory.rs:39:37
   |
39 |         let state = bincode::serde::decode_borrowed_from_slice(&args, bin_config()).unwrap();
   |                                     ^^^^^^^^^^^^^^^^^^^^^^^^^^ not found in `bincode::serde`

error[E0425]: cannot find function `decode_borrowed_from_slice` in module `bincode::serde`
  --> /home/julien/.cargo/registry/src/index.crates.io-1949cf8c6b5b557f/burn-core-0.12.0/src/record/memory.rs:39:37
   |
39 |         let state = bincode::serde::decode_borrowed_from_slice(&args, bin_config()).unwrap();
   |                                     ^^^^^^^^^^^^^^^^^^^^^^^^^^ not found in `bincode::serde`

For more information about this error, try `rustc --explain E0425`.
error: could not compile `burn-core` (lib) due to 1 previous error
error: could not compile `burn-core` (lib) due to 1 previous error
[0m
[0m• [0mExplore workspace and dependencies[90m Explore Agent[0m
The build failed with two issues:
1. **torch-sys** compilation failed (missing libtorch)
2. **bincode** version conflict in burn-core

Let me investigate the workspace structure and dependencies to understand what's happening.
[0m✓ [0mExplore workspace and dependencies[90m Explore Agent[0m
[0m→ [0mRead edgebot-core/Cargo.toml
Let me check the actual bincode version in edgebot-core/Cargo.toml to confirm:
[0m→ [0mRead TASKS.md
Let me check the TASKS.md to see the current status:
[0m✱ [0mGlob "**/*.rs"[90m in edgebot-core/src · 11 matches[0m
The TASKS.md claims the bincode fix was applied but it's not in the actual file. I need to fix both the bincode version and the torch dependency to make the build succeed without external dependencies.

Let me explore the edgebot-core source code to see how Burn and TchBackend are used:
[0m→ [0mRead edgebot-core/src/lib.rs
[0m→ [0mRead edgebot-core/src/inference/mod.rs
Let me read the main library file and key modules:
[0m→ [0mRead edgebot-core/src/task/mod.rs
I'll read the edgebot-core optimizer and binary files to see if they use TchBackend outside of tests:
[0m→ [0mRead edgebot-core/src/optimizer.rs
[0m→ [0mRead edgebot-core/src/bin/edgebot-optimize.rs
